Traceback (most recent call last):
  File "/home/codespace/.local/lib/python3.12/site-packages/jupyter_core/utils/__init__.py", line 154, in wrapped
    asyncio.get_running_loop()
RuntimeError: no running event loop

During handling of the above exception, another exception occurred:

Traceback (most recent call last):
  File "/usr/local/python/3.12.1/lib/python3.12/site-packages/jupyter_cache/executors/utils.py", line 58, in single_nb_execution
    executenb(
  File "/home/codespace/.local/lib/python3.12/site-packages/nbclient/client.py", line 1319, in execute
    return NotebookClient(nb=nb, resources=resources, km=km, **kwargs).execute()
           ^^^^^^^^^^^^^^^^^^^^^^^^^^^^^^^^^^^^^^^^^^^^^^^^^^^^^^^^^^^^^^^^^^^^^
  File "/home/codespace/.local/lib/python3.12/site-packages/jupyter_core/utils/__init__.py", line 158, in wrapped
    return loop.run_until_complete(inner)
           ^^^^^^^^^^^^^^^^^^^^^^^^^^^^^^
  File "/usr/local/python/3.12.1/lib/python3.12/asyncio/base_events.py", line 684, in run_until_complete
    return future.result()
           ^^^^^^^^^^^^^^^
  File "/home/codespace/.local/lib/python3.12/site-packages/nbclient/client.py", line 709, in async_execute
    await self.async_execute_cell(
  File "/home/codespace/.local/lib/python3.12/site-packages/nbclient/client.py", line 1062, in async_execute_cell
    await self._check_raise_for_error(cell, cell_index, exec_reply)
  File "/home/codespace/.local/lib/python3.12/site-packages/nbclient/client.py", line 918, in _check_raise_for_error
    raise CellExecutionError.from_cell_and_msg(cell, exec_reply_content)
nbclient.exceptions.CellExecutionError: An error occurred while executing the following cell:
------------------
    import os
    import pandas as pd
    from dotenv import load_dotenv
    from sqlalchemy import create_engine, text

    # Muat variabel dari file .env ke dalam environment
    load_dotenv()

    # Koneksi ke PostgreSQL untuk data Sepal
    try:
        pg_uri = (
            f"postgresql+psycopg2://{os.getenv('PG_USER')}:{os.getenv('PG_PASSWORD')}"
            f"@{os.getenv('PG_HOST')}:{os.getenv('PG_PORT')}/{os.getenv('PG_DBNAME')}"
        )
        pg_engine = create_engine(pg_uri)
        print(" Koneksi ke PostgreSQL berhasil dibangun.")
    except Exception as e:
        print(f" Gagal terkoneksi ke PostgreSQL: {e}")


    # Koneksi ke MySQL untuk data Petal
    try:
        mysql_uri = (
            f"mysql+mysqlconnector://{os.getenv('MYSQL_USER')}:{os.getenv('MYSQL_PASSWORD')}"
            f"@{os.getenv('MYSQL_HOST')}:{os.getenv('MYSQL_PORT')}/{os.getenv('MYSQL_DBNAME')}"
        )
        mysql_engine = create_engine(mysql_uri)
        print(" Koneksi ke MySQL berhasil dibangun.")
    except Exception as e:
        print(f" Gagal terkoneksi ke MySQL: {e}")
------------------


[31m---------------------------------------------------------------------------[39m
[31mModuleNotFoundError[39m                       Traceback (most recent call last)
[36mCell[39m[36m [39m[32mIn[1][39m[32m, line 3[39m
[32m      1[39m [38;5;28;01mimport[39;00m[38;5;250m [39m[34;01mos[39;00m
[32m      2[39m [38;5;28;01mimport[39;00m[38;5;250m [39m[34;01mpandas[39;00m[38;5;250m [39m[38;5;28;01mas[39;00m[38;5;250m [39m[34;01mpd[39;00m
[32m----> [39m[32m3[39m [38;5;28;01mfrom[39;00m[38;5;250m [39m[34;01mdotenv[39;00m[38;5;250m [39m[38;5;28;01mimport[39;00m load_dotenv
[32m      4[39m [38;5;28;01mfrom[39;00m[38;5;250m [39m[34;01msqlalchemy[39;00m[38;5;250m [39m[38;5;28;01mimport[39;00m create_engine, text
[32m      6[39m [38;5;66;03m# Muat variabel dari file .env ke dalam environment[39;00m

[31mModuleNotFoundError[39m: No module named 'dotenv'

